<?xml version="1.0" encoding="UTF-8"?>
<coverage generated="1654261506">
  <project timestamp="1654261506">
    <package name="EasyTransac\Converters">
      <file name="/Users/damien/Documents/dev/php/easytransac-sdk-php/sdk/EasyTransac/Converters/BooleanToString.php">
        <class name="BooleanToString" namespace="EasyTransac\Converters">
          <metrics complexity="3" methods="1" coveredmethods="0" conditionals="0" coveredconditionals="0" statements="5" coveredstatements="3" elements="6" coveredelements="3"/>
        </class>
        <line num="14" type="method" name="convert" visibility="public" complexity="3" crap="3.58" count="48"/>
        <line num="16" type="stmt" count="48"/>
        <line num="17" type="stmt" count="0"/>
        <line num="18" type="stmt" count="48"/>
        <line num="19" type="stmt" count="0"/>
        <line num="21" type="stmt" count="48"/>
        <metrics loc="24" ncloc="17" classes="1" methods="1" coveredmethods="0" conditionals="0" coveredconditionals="0" statements="5" coveredstatements="3" elements="6" coveredelements="3"/>
      </file>
      <file name="/Users/damien/Documents/dev/php/easytransac-sdk-php/sdk/EasyTransac/Converters/YesNoLowerCase.php">
        <class name="YesNoLowerCase" namespace="EasyTransac\Converters">
          <metrics complexity="3" methods="1" coveredmethods="0" conditionals="0" coveredconditionals="0" statements="5" coveredstatements="3" elements="6" coveredelements="3"/>
        </class>
        <line num="14" type="method" name="convert" visibility="public" complexity="3" crap="3.58" count="48"/>
        <line num="16" type="stmt" count="48"/>
        <line num="17" type="stmt" count="0"/>
        <line num="18" type="stmt" count="48"/>
        <line num="19" type="stmt" count="0"/>
        <line num="21" type="stmt" count="48"/>
        <metrics loc="24" ncloc="17" classes="1" methods="1" coveredmethods="0" conditionals="0" coveredconditionals="0" statements="5" coveredstatements="3" elements="6" coveredelements="3"/>
      </file>
    </package>
    <file name="/Users/damien/Documents/dev/php/easytransac-sdk-php/sdk/EasyTransac/Converters/IConverter.php">
      <metrics loc="16" ncloc="8" classes="0" methods="0" coveredmethods="0" conditionals="0" coveredconditionals="0" statements="0" coveredstatements="0" elements="0" coveredelements="0"/>
    </file>
    <package name="EasyTransac\Core">
      <file name="/Users/damien/Documents/dev/php/easytransac-sdk-php/sdk/EasyTransac/Core/CommentParser.php">
        <class name="CommentParser" namespace="EasyTransac\Core">
          <metrics complexity="5" methods="2" coveredmethods="2" conditionals="0" coveredconditionals="0" statements="11" coveredstatements="11" elements="13" coveredelements="13"/>
        </class>
        <line num="13" type="method" name="__construct" visibility="public" complexity="1" crap="1" count="53"/>
        <line num="15" type="stmt" count="53"/>
        <line num="16" type="stmt" count="53"/>
        <line num="21" type="method" name="parse" visibility="public" complexity="4" crap="4" count="53"/>
        <line num="23" type="stmt" count="53"/>
        <line num="24" type="stmt" count="53"/>
        <line num="26" type="stmt" count="53"/>
        <line num="27" type="stmt" count="53"/>
        <line num="28" type="stmt" count="53"/>
        <line num="30" type="stmt" count="53"/>
        <line num="31" type="stmt" count="53"/>
        <line num="34" type="stmt" count="53"/>
        <line num="36" type="stmt" count="53"/>
        <metrics loc="37" ncloc="30" classes="1" methods="2" coveredmethods="2" conditionals="0" coveredconditionals="0" statements="11" coveredstatements="11" elements="13" coveredelements="13"/>
      </file>
      <file name="/Users/damien/Documents/dev/php/easytransac-sdk-php/sdk/EasyTransac/Core/CurlCaller.php">
        <class name="CurlCaller" namespace="EasyTransac\Core">
          <metrics complexity="16" methods="10" coveredmethods="0" conditionals="0" coveredconditionals="0" statements="34" coveredstatements="0" elements="44" coveredelements="0"/>
        </class>
        <line num="14" type="method" name="__construct" visibility="public" complexity="1" crap="2" count="0"/>
        <line num="16" type="stmt" count="0"/>
        <line num="18" type="method" name="__destruct" visibility="public" complexity="2" crap="6" count="0"/>
        <line num="20" type="stmt" count="0"/>
        <line num="21" type="stmt" count="0"/>
        <line num="23" type="stmt" count="0"/>
        <line num="29" type="method" name="setHeaders" visibility="public" complexity="1" crap="2" count="0"/>
        <line num="31" type="stmt" count="0"/>
        <line num="32" type="stmt" count="0"/>
        <line num="38" type="method" name="getHeaders" visibility="public" complexity="1" crap="2" count="0"/>
        <line num="40" type="stmt" count="0"/>
        <line num="47" type="method" name="setTimeout" visibility="public" complexity="1" crap="2" count="0"/>
        <line num="49" type="stmt" count="0"/>
        <line num="50" type="stmt" count="0"/>
        <line num="56" type="method" name="isAvailable" visibility="public" complexity="1" crap="2" count="0"/>
        <line num="58" type="stmt" count="0"/>
        <line num="65" type="method" name="call" visibility="public" complexity="6" crap="42" count="0"/>
        <line num="67" type="stmt" count="0"/>
        <line num="68" type="stmt" count="0"/>
        <line num="71" type="stmt" count="0"/>
        <line num="72" type="stmt" count="0"/>
        <line num="75" type="stmt" count="0"/>
        <line num="76" type="stmt" count="0"/>
        <line num="77" type="stmt" count="0"/>
        <line num="80" type="stmt" count="0"/>
        <line num="82" type="stmt" count="0"/>
        <line num="83" type="stmt" count="0"/>
        <line num="86" type="stmt" count="0"/>
        <line num="88" type="stmt" count="0"/>
        <line num="89" type="stmt" count="0"/>
        <line num="92" type="stmt" count="0"/>
        <line num="98" type="method" name="initCurl" visibility="protected" complexity="1" crap="2" count="0"/>
        <line num="100" type="stmt" count="0"/>
        <line num="102" type="stmt" count="0"/>
        <line num="103" type="stmt" count="0"/>
        <line num="104" type="stmt" count="0"/>
        <line num="105" type="stmt" count="0"/>
        <line num="106" type="stmt" count="0"/>
        <line num="108" type="stmt" count="0"/>
        <line num="114" type="method" name="isTLSv12Available" visibility="public" complexity="1" crap="2" count="0"/>
        <line num="116" type="stmt" count="0"/>
        <line num="123" type="method" name="addHeaders" visibility="public" complexity="1" crap="2" count="0"/>
        <line num="125" type="stmt" count="0"/>
        <line num="126" type="stmt" count="0"/>
        <metrics loc="127" ncloc="93" classes="1" methods="10" coveredmethods="0" conditionals="0" coveredconditionals="0" statements="34" coveredstatements="0" elements="44" coveredelements="0"/>
      </file>
      <file name="/Users/damien/Documents/dev/php/easytransac-sdk-php/sdk/EasyTransac/Core/FgcCaller.php">
        <class name="FgcCaller" namespace="EasyTransac\Core">
          <metrics complexity="12" methods="8" coveredmethods="0" conditionals="0" coveredconditionals="0" statements="23" coveredstatements="0" elements="31" coveredelements="0"/>
        </class>
        <line num="13" type="method" name="__construct" visibility="public" complexity="1" crap="2" count="0"/>
        <line num="16" type="stmt" count="0"/>
        <line num="22" type="method" name="setHeaders" visibility="public" complexity="1" crap="2" count="0"/>
        <line num="24" type="stmt" count="0"/>
        <line num="25" type="stmt" count="0"/>
        <line num="31" type="method" name="getHeaders" visibility="public" complexity="1" crap="2" count="0"/>
        <line num="33" type="stmt" count="0"/>
        <line num="40" type="method" name="setTimeout" visibility="public" complexity="1" crap="2" count="0"/>
        <line num="42" type="stmt" count="0"/>
        <line num="43" type="stmt" count="0"/>
        <line num="49" type="method" name="isAvailable" visibility="public" complexity="1" crap="2" count="0"/>
        <line num="51" type="stmt" count="0"/>
        <line num="58" type="method" name="call" visibility="public" complexity="5" crap="30" count="0"/>
        <line num="62" type="stmt" count="0"/>
        <line num="66" type="stmt" count="0"/>
        <line num="67" type="stmt" count="0"/>
        <line num="68" type="stmt" count="0"/>
        <line num="69" type="stmt" count="0"/>
        <line num="72" type="stmt" count="0"/>
        <line num="73" type="stmt" count="0"/>
        <line num="76" type="stmt" count="0"/>
        <line num="77" type="stmt" count="0"/>
        <line num="80" type="stmt" count="0"/>
        <line num="82" type="stmt" count="0"/>
        <line num="83" type="stmt" count="0"/>
        <line num="86" type="stmt" count="0"/>
        <line num="93" type="method" name="isTLSv12Available" visibility="public" complexity="1" crap="2" count="0"/>
        <line num="95" type="stmt" count="0"/>
        <line num="102" type="method" name="addHeaders" visibility="public" complexity="1" crap="2" count="0"/>
        <line num="104" type="stmt" count="0"/>
        <line num="105" type="stmt" count="0"/>
        <metrics loc="106" ncloc="75" classes="1" methods="8" coveredmethods="0" conditionals="0" coveredconditionals="0" statements="23" coveredstatements="0" elements="31" coveredelements="0"/>
      </file>
      <file name="/Users/damien/Documents/dev/php/easytransac-sdk-php/sdk/EasyTransac/Core/Logger.php">
        <class name="Logger" namespace="EasyTransac\Core">
          <metrics complexity="14" methods="9" coveredmethods="2" conditionals="0" coveredconditionals="0" statements="21" coveredstatements="6" elements="30" coveredelements="8"/>
        </class>
        <line num="15" type="method" name="__construct" visibility="protected" complexity="1" crap="1" count="1"/>
        <line num="17" type="stmt" count="1"/>
        <line num="19" type="method" name="__clone" visibility="protected" complexity="1" crap="2" count="0"/>
        <line num="21" type="stmt" count="0"/>
        <line num="23" type="method" name="getInstance" visibility="public" complexity="2" crap="2" count="27"/>
        <line num="25" type="stmt" count="27"/>
        <line num="26" type="stmt" count="1"/>
        <line num="29" type="stmt" count="27"/>
        <line num="37" type="method" name="setActive" visibility="public" complexity="1" crap="2" count="0"/>
        <line num="39" type="stmt" count="0"/>
        <line num="40" type="stmt" count="0"/>
        <line num="47" type="method" name="isActive" visibility="public" complexity="1" crap="2" count="0"/>
        <line num="49" type="stmt" count="0"/>
        <line num="57" type="method" name="setFilePath" visibility="public" complexity="1" crap="2" count="0"/>
        <line num="59" type="stmt" count="0"/>
        <line num="60" type="stmt" count="0"/>
        <line num="67" type="method" name="getFilePath" visibility="public" complexity="1" crap="2" count="0"/>
        <line num="69" type="stmt" count="0"/>
        <line num="75" type="method" name="delete" visibility="public" complexity="2" crap="6" count="0"/>
        <line num="77" type="stmt" count="0"/>
        <line num="78" type="stmt" count="0"/>
        <line num="80" type="stmt" count="0"/>
        <line num="87" type="method" name="write" visibility="public" complexity="4" crap="9.83" count="27"/>
        <line num="89" type="stmt" count="27"/>
        <line num="90" type="stmt" count="27"/>
        <line num="93" type="stmt" count="0"/>
        <line num="95" type="stmt" count="0"/>
        <line num="96" type="stmt" count="0"/>
        <line num="99" type="stmt" count="0"/>
        <line num="101" type="stmt" count="0"/>
        <metrics loc="103" ncloc="74" classes="1" methods="9" coveredmethods="2" conditionals="0" coveredconditionals="0" statements="21" coveredstatements="6" elements="30" coveredelements="8"/>
      </file>
      <file name="/Users/damien/Documents/dev/php/easytransac-sdk-php/sdk/EasyTransac/Core/PaymentNotification.php">
        <class name="PaymentNotification" namespace="EasyTransac\Core">
          <metrics complexity="8" methods="2" coveredmethods="0" conditionals="0" coveredconditionals="0" statements="20" coveredstatements="0" elements="22" coveredelements="0"/>
        </class>
        <line num="15" type="method" name="getContent" visibility="public" complexity="5" crap="30" count="0"/>
        <line num="17" type="stmt" count="0"/>
        <line num="18" type="stmt" count="0"/>
        <line num="21" type="stmt" count="0"/>
        <line num="22" type="stmt" count="0"/>
        <line num="25" type="stmt" count="0"/>
        <line num="26" type="stmt" count="0"/>
        <line num="29" type="stmt" count="0"/>
        <line num="30" type="stmt" count="0"/>
        <line num="32" type="stmt" count="0"/>
        <line num="33" type="stmt" count="0"/>
        <line num="34" type="stmt" count="0"/>
        <line num="35" type="stmt" count="0"/>
        <line num="36" type="stmt" count="0"/>
        <line num="37" type="stmt" count="0"/>
        <line num="40" type="stmt" count="0"/>
        <line num="48" type="method" name="checkRequiredFields" visibility="protected" complexity="3" crap="12" count="0"/>
        <line num="51" type="stmt" count="0"/>
        <line num="56" type="stmt" count="0"/>
        <line num="57" type="stmt" count="0"/>
        <line num="58" type="stmt" count="0"/>
        <line num="62" type="stmt" count="0"/>
        <metrics loc="64" ncloc="51" classes="1" methods="2" coveredmethods="0" conditionals="0" coveredconditionals="0" statements="20" coveredstatements="0" elements="22" coveredelements="0"/>
      </file>
      <file name="/Users/damien/Documents/dev/php/easytransac-sdk-php/sdk/EasyTransac/Core/Security.php">
        <class name="Security" namespace="EasyTransac\Core">
          <metrics complexity="8" methods="1" coveredmethods="0" conditionals="0" coveredconditionals="0" statements="19" coveredstatements="0" elements="20" coveredelements="0"/>
        </class>
        <line num="17" type="method" name="getSignature" visibility="public" complexity="8" crap="72" count="0"/>
        <line num="19" type="stmt" count="0"/>
        <line num="20" type="stmt" count="0"/>
        <line num="23" type="stmt" count="0"/>
        <line num="24" type="stmt" count="0"/>
        <line num="26" type="stmt" count="0"/>
        <line num="28" type="stmt" count="0"/>
        <line num="30" type="stmt" count="0"/>
        <line num="32" type="stmt" count="0"/>
        <line num="33" type="stmt" count="0"/>
        <line num="37" type="stmt" count="0"/>
        <line num="39" type="stmt" count="0"/>
        <line num="41" type="stmt" count="0"/>
        <line num="43" type="stmt" count="0"/>
        <line num="46" type="stmt" count="0"/>
        <line num="47" type="stmt" count="0"/>
        <line num="51" type="stmt" count="0"/>
        <line num="56" type="stmt" count="0"/>
        <line num="59" type="stmt" count="0"/>
        <line num="60" type="stmt" count="0"/>
        <metrics loc="62" ncloc="34" classes="1" methods="1" coveredmethods="0" conditionals="0" coveredconditionals="0" statements="19" coveredstatements="0" elements="20" coveredelements="0"/>
      </file>
      <file name="/Users/damien/Documents/dev/php/easytransac-sdk-php/sdk/EasyTransac/Core/Services.php">
        <class name="Services" namespace="EasyTransac\Core">
          <metrics complexity="24" methods="17" coveredmethods="0" conditionals="0" coveredconditionals="0" statements="54" coveredstatements="0" elements="71" coveredelements="0"/>
        </class>
        <line num="25" type="method" name="setModifier" visibility="public" complexity="1" crap="2" count="0"/>
        <line num="27" type="stmt" count="0"/>
        <line num="28" type="stmt" count="0"/>
        <line num="35" type="method" name="getModifier" visibility="public" complexity="1" crap="2" count="0"/>
        <line num="37" type="stmt" count="0"/>
        <line num="45" type="method" name="setCaller" visibility="public" complexity="1" crap="2" count="0"/>
        <line num="47" type="stmt" count="0"/>
        <line num="48" type="stmt" count="0"/>
        <line num="55" type="method" name="removeModifier" visibility="public" complexity="1" crap="2" count="0"/>
        <line num="57" type="stmt" count="0"/>
        <line num="58" type="stmt" count="0"/>
        <line num="65" type="method" name="removeCaller" visibility="public" complexity="1" crap="2" count="0"/>
        <line num="67" type="stmt" count="0"/>
        <line num="68" type="stmt" count="0"/>
        <line num="75" type="method" name="getCaller" visibility="public" complexity="1" crap="2" count="0"/>
        <line num="77" type="stmt" count="0"/>
        <line num="85" type="method" name="setUrl" visibility="public" complexity="1" crap="2" count="0"/>
        <line num="87" type="stmt" count="0"/>
        <line num="88" type="stmt" count="0"/>
        <line num="96" type="method" name="setRequestTimeout" visibility="public" complexity="1" crap="2" count="0"/>
        <line num="98" type="stmt" count="0"/>
        <line num="99" type="stmt" count="0"/>
        <line num="107" type="method" name="provideAPIKey" visibility="public" complexity="1" crap="2" count="0"/>
        <line num="109" type="stmt" count="0"/>
        <line num="111" type="stmt" count="0"/>
        <line num="118" type="method" name="getAPIKey" visibility="public" complexity="1" crap="2" count="0"/>
        <line num="120" type="stmt" count="0"/>
        <line num="127" type="method" name="isDebug" visibility="public" complexity="1" crap="2" count="0"/>
        <line num="129" type="stmt" count="0"/>
        <line num="137" type="method" name="setDebug" visibility="public" complexity="1" crap="2" count="0"/>
        <line num="139" type="stmt" count="0"/>
        <line num="140" type="stmt" count="0"/>
        <line num="150" type="method" name="call" visibility="public" complexity="6" crap="42" count="0"/>
        <line num="152" type="stmt" count="0"/>
        <line num="153" type="stmt" count="0"/>
        <line num="156" type="stmt" count="0"/>
        <line num="157" type="stmt" count="0"/>
        <line num="160" type="stmt" count="0"/>
        <line num="161" type="stmt" count="0"/>
        <line num="163" type="stmt" count="0"/>
        <line num="165" type="stmt" count="0"/>
        <line num="166" type="stmt" count="0"/>
        <line num="167" type="stmt" count="0"/>
        <line num="168" type="stmt" count="0"/>
        <line num="169" type="stmt" count="0"/>
        <line num="170" type="stmt" count="0"/>
        <line num="173" type="stmt" count="0"/>
        <line num="176" type="stmt" count="0"/>
        <line num="177" type="stmt" count="0"/>
        <line num="179" type="stmt" count="0"/>
        <line num="180" type="stmt" count="0"/>
        <line num="183" type="stmt" count="0"/>
        <line num="184" type="stmt" count="0"/>
        <line num="185" type="stmt" count="0"/>
        <line num="186" type="stmt" count="0"/>
        <line num="187" type="stmt" count="0"/>
        <line num="188" type="stmt" count="0"/>
        <line num="196" type="method" name="getInstance" visibility="public" complexity="2" crap="6" count="0"/>
        <line num="198" type="stmt" count="0"/>
        <line num="199" type="stmt" count="0"/>
        <line num="202" type="stmt" count="0"/>
        <line num="208" type="method" name="__destruct" visibility="public" complexity="1" crap="2" count="0"/>
        <line num="210" type="stmt" count="0"/>
        <line num="211" type="stmt" count="0"/>
        <line num="216" type="method" name="__construct" visibility="private" complexity="2" crap="6" count="0"/>
        <line num="218" type="stmt" count="0"/>
        <line num="220" type="stmt" count="0"/>
        <line num="221" type="stmt" count="0"/>
        <line num="223" type="stmt" count="0"/>
        <line num="228" type="method" name="__clone" visibility="private" complexity="1" crap="2" count="0"/>
        <line num="230" type="stmt" count="0"/>
        <metrics loc="231" ncloc="153" classes="1" methods="17" coveredmethods="0" conditionals="0" coveredconditionals="0" statements="54" coveredstatements="0" elements="71" coveredelements="0"/>
      </file>
    </package>
    <file name="/Users/damien/Documents/dev/php/easytransac-sdk-php/sdk/EasyTransac/Core/ICaller.php">
      <metrics loc="50" ncloc="20" classes="0" methods="0" coveredmethods="0" conditionals="0" coveredconditionals="0" statements="0" coveredstatements="0" elements="0" coveredelements="0"/>
    </file>
    <file name="/Users/damien/Documents/dev/php/easytransac-sdk-php/sdk/EasyTransac/Core/ICallerModifier.php">
      <metrics loc="29" ncloc="12" classes="0" methods="0" coveredmethods="0" conditionals="0" coveredconditionals="0" statements="0" coveredstatements="0" elements="0" coveredelements="0"/>
    </file>
    <package name="EasyTransac\Entities">
      <file name="/Users/damien/Documents/dev/php/easytransac-sdk-php/sdk/EasyTransac/Entities/Cancellation.php">
        <class name="Cancellation" namespace="EasyTransac\Entities">
          <metrics complexity="2" methods="2" coveredmethods="1" conditionals="0" coveredconditionals="0" statements="4" coveredstatements="2" elements="6" coveredelements="3"/>
        </class>
        <line num="16" type="method" name="setRequestId" visibility="public" complexity="1" crap="2" count="0"/>
        <line num="18" type="stmt" count="0"/>
        <line num="19" type="stmt" count="0"/>
        <line num="22" type="method" name="setLanguage" visibility="public" complexity="1" crap="1" count="1"/>
        <line num="24" type="stmt" count="1"/>
        <line num="25" type="stmt" count="1"/>
        <metrics loc="27" ncloc="21" classes="1" methods="2" coveredmethods="1" conditionals="0" coveredconditionals="0" statements="4" coveredstatements="2" elements="6" coveredelements="3"/>
      </file>
      <file name="/Users/damien/Documents/dev/php/easytransac-sdk-php/sdk/EasyTransac/Entities/CancellationInfos.php">
        <class name="CancellationInfos" namespace="EasyTransac\Entities">
          <metrics complexity="4" methods="4" coveredmethods="4" conditionals="0" coveredconditionals="0" statements="4" coveredstatements="4" elements="8" coveredelements="8"/>
        </class>
        <line num="23" type="method" name="getTid" visibility="public" complexity="1" crap="1" count="1"/>
        <line num="25" type="stmt" count="1"/>
        <line num="28" type="method" name="getOriginalPaymentTid" visibility="public" complexity="1" crap="1" count="1"/>
        <line num="30" type="stmt" count="1"/>
        <line num="33" type="method" name="getDate" visibility="public" complexity="1" crap="1" count="1"/>
        <line num="35" type="stmt" count="1"/>
        <line num="38" type="method" name="getMessage" visibility="public" complexity="1" crap="1" count="1"/>
        <line num="40" type="stmt" count="1"/>
        <metrics loc="42" ncloc="34" classes="1" methods="4" coveredmethods="4" conditionals="0" coveredconditionals="0" statements="4" coveredstatements="4" elements="8" coveredelements="8"/>
      </file>
      <file name="/Users/damien/Documents/dev/php/easytransac-sdk-php/sdk/EasyTransac/Entities/Client.php">
        <class name="Client" namespace="EasyTransac\Entities">
          <metrics complexity="0" methods="0" coveredmethods="0" conditionals="0" coveredconditionals="0" statements="0" coveredstatements="0" elements="0" coveredelements="0"/>
        </class>
        <metrics loc="12" ncloc="8" classes="0" methods="0" coveredmethods="0" conditionals="0" coveredconditionals="0" statements="0" coveredstatements="0" elements="0" coveredelements="0"/>
      </file>
      <file name="/Users/damien/Documents/dev/php/easytransac-sdk-php/sdk/EasyTransac/Entities/CreditCard.php">
        <class name="CreditCard" namespace="EasyTransac\Entities">
          <metrics complexity="19" methods="19" coveredmethods="19" conditionals="0" coveredconditionals="0" statements="26" coveredstatements="26" elements="45" coveredelements="45"/>
        </class>
        <line num="47" type="method" name="getLastAccessed" visibility="public" complexity="1" crap="1" count="1"/>
        <line num="49" type="stmt" count="1"/>
        <line num="52" type="method" name="getVerified" visibility="public" complexity="1" crap="1" count="1"/>
        <line num="54" type="stmt" count="1"/>
        <line num="57" type="method" name="getStatus" visibility="public" complexity="1" crap="1" count="1"/>
        <line num="59" type="stmt" count="1"/>
        <line num="62" type="method" name="getCountry" visibility="public" complexity="1" crap="1" count="1"/>
        <line num="64" type="stmt" count="1"/>
        <line num="67" type="method" name="getType" visibility="public" complexity="1" crap="1" count="1"/>
        <line num="69" type="stmt" count="1"/>
        <line num="72" type="method" name="setAlias" visibility="public" complexity="1" crap="1" count="2"/>
        <line num="74" type="stmt" count="2"/>
        <line num="75" type="stmt" count="2"/>
        <line num="78" type="method" name="getAlias" visibility="public" complexity="1" crap="1" count="1"/>
        <line num="80" type="stmt" count="1"/>
        <line num="83" type="method" name="setClientId" visibility="public" complexity="1" crap="1" count="1"/>
        <line num="85" type="stmt" count="1"/>
        <line num="86" type="stmt" count="1"/>
        <line num="89" type="method" name="getClientId" visibility="public" complexity="1" crap="1" count="1"/>
        <line num="91" type="stmt" count="1"/>
        <line num="94" type="method" name="setOwner" visibility="public" complexity="1" crap="1" count="2"/>
        <line num="96" type="stmt" count="2"/>
        <line num="97" type="stmt" count="2"/>
        <line num="100" type="method" name="getOwner" visibility="public" complexity="1" crap="1" count="1"/>
        <line num="102" type="stmt" count="1"/>
        <line num="105" type="method" name="setCVV" visibility="public" complexity="1" crap="1" count="2"/>
        <line num="107" type="stmt" count="2"/>
        <line num="108" type="stmt" count="2"/>
        <line num="111" type="method" name="getCVV" visibility="public" complexity="1" crap="1" count="1"/>
        <line num="113" type="stmt" count="1"/>
        <line num="116" type="method" name="setYear" visibility="public" complexity="1" crap="1" count="2"/>
        <line num="118" type="stmt" count="2"/>
        <line num="119" type="stmt" count="2"/>
        <line num="122" type="method" name="getYear" visibility="public" complexity="1" crap="1" count="1"/>
        <line num="124" type="stmt" count="1"/>
        <line num="127" type="method" name="setMonth" visibility="public" complexity="1" crap="1" count="2"/>
        <line num="129" type="stmt" count="2"/>
        <line num="130" type="stmt" count="2"/>
        <line num="133" type="method" name="getMonth" visibility="public" complexity="1" crap="1" count="1"/>
        <line num="135" type="stmt" count="1"/>
        <line num="138" type="method" name="setNumber" visibility="public" complexity="1" crap="1" count="3"/>
        <line num="140" type="stmt" count="3"/>
        <line num="141" type="stmt" count="3"/>
        <line num="144" type="method" name="getNumber" visibility="public" complexity="1" crap="1" count="1"/>
        <line num="146" type="stmt" count="1"/>
        <metrics loc="148" ncloc="132" classes="1" methods="19" coveredmethods="19" conditionals="0" coveredconditionals="0" statements="26" coveredstatements="26" elements="45" coveredelements="45"/>
      </file>
      <file name="/Users/damien/Documents/dev/php/easytransac-sdk-php/sdk/EasyTransac/Entities/CreditCardInfo.php">
        <class name="CreditCardInfo" namespace="EasyTransac\Entities">
          <metrics complexity="7" methods="7" coveredmethods="7" conditionals="0" coveredconditionals="0" statements="7" coveredstatements="7" elements="14" coveredelements="14"/>
        </class>
        <line num="32" type="method" name="getCardBin" visibility="public" complexity="1" crap="1" count="1"/>
        <line num="34" type="stmt" count="1"/>
        <line num="37" type="method" name="getCardCountry" visibility="public" complexity="1" crap="1" count="1"/>
        <line num="39" type="stmt" count="1"/>
        <line num="42" type="method" name="getCardType" visibility="public" complexity="1" crap="1" count="1"/>
        <line num="44" type="stmt" count="1"/>
        <line num="47" type="method" name="getCardBank" visibility="public" complexity="1" crap="1" count="1"/>
        <line num="49" type="stmt" count="1"/>
        <line num="52" type="method" name="getAlias" visibility="public" complexity="1" crap="1" count="1"/>
        <line num="54" type="stmt" count="1"/>
        <line num="57" type="method" name="getCardMonth" visibility="public" complexity="1" crap="1" count="1"/>
        <line num="59" type="stmt" count="1"/>
        <line num="62" type="method" name="getCardYear" visibility="public" complexity="1" crap="1" count="1"/>
        <line num="64" type="stmt" count="1"/>
        <metrics loc="66" ncloc="55" classes="1" methods="7" coveredmethods="7" conditionals="0" coveredconditionals="0" statements="7" coveredstatements="7" elements="14" coveredelements="14"/>
      </file>
      <file name="/Users/damien/Documents/dev/php/easytransac-sdk-php/sdk/EasyTransac/Entities/CreditCardsList.php">
        <class name="CreditCardsList" namespace="EasyTransac\Entities">
          <metrics complexity="1" methods="1" coveredmethods="1" conditionals="0" coveredconditionals="0" statements="1" coveredstatements="1" elements="2" coveredelements="2"/>
        </class>
        <line num="14" type="method" name="getCreditCards" visibility="public" complexity="1" crap="1" count="1"/>
        <line num="16" type="stmt" count="1"/>
        <metrics loc="18" ncloc="13" classes="1" methods="1" coveredmethods="1" conditionals="0" coveredconditionals="0" statements="1" coveredstatements="1" elements="2" coveredelements="2"/>
      </file>
      <file name="/Users/damien/Documents/dev/php/easytransac-sdk-php/sdk/EasyTransac/Entities/Customer.php">
        <class name="Customer" namespace="EasyTransac\Entities">
          <metrics complexity="37" methods="37" coveredmethods="36" conditionals="0" coveredconditionals="0" statements="55" coveredstatements="54" elements="92" coveredelements="90"/>
        </class>
        <line num="68" type="method" name="getCreationDate" visibility="public" complexity="1" crap="2" count="0"/>
        <line num="70" type="stmt" count="0"/>
        <line num="73" type="method" name="setUid" visibility="public" complexity="1" crap="1" count="2"/>
        <line num="75" type="stmt" count="2"/>
        <line num="76" type="stmt" count="2"/>
        <line num="79" type="method" name="getId" visibility="public" complexity="1" crap="1" count="1"/>
        <line num="81" type="stmt" count="1"/>
        <line num="84" type="method" name="setId" visibility="public" complexity="1" crap="1" count="2"/>
        <line num="86" type="stmt" count="2"/>
        <line num="87" type="stmt" count="2"/>
        <line num="90" type="method" name="getUid" visibility="public" complexity="1" crap="1" count="1"/>
        <line num="92" type="stmt" count="1"/>
        <line num="95" type="method" name="setCity" visibility="public" complexity="1" crap="1" count="4"/>
        <line num="97" type="stmt" count="4"/>
        <line num="98" type="stmt" count="4"/>
        <line num="101" type="method" name="getCity" visibility="public" complexity="1" crap="1" count="2"/>
        <line num="103" type="stmt" count="2"/>
        <line num="106" type="method" name="setZipCode" visibility="public" complexity="1" crap="1" count="4"/>
        <line num="108" type="stmt" count="4"/>
        <line num="109" type="stmt" count="4"/>
        <line num="112" type="method" name="getZipCode" visibility="public" complexity="1" crap="1" count="2"/>
        <line num="114" type="stmt" count="2"/>
        <line num="117" type="method" name="setAddress" visibility="public" complexity="1" crap="1" count="4"/>
        <line num="119" type="stmt" count="4"/>
        <line num="120" type="stmt" count="4"/>
        <line num="123" type="method" name="getCountry" visibility="public" complexity="1" crap="1" count="1"/>
        <line num="125" type="stmt" count="1"/>
        <line num="128" type="method" name="getAddress" visibility="public" complexity="1" crap="1" count="2"/>
        <line num="130" type="stmt" count="2"/>
        <line num="133" type="method" name="setNationality" visibility="public" complexity="1" crap="1" count="2"/>
        <line num="135" type="stmt" count="2"/>
        <line num="136" type="stmt" count="2"/>
        <line num="139" type="method" name="getNationality" visibility="public" complexity="1" crap="1" count="1"/>
        <line num="141" type="stmt" count="1"/>
        <line num="144" type="method" name="setBirthDate" visibility="public" complexity="1" crap="1" count="2"/>
        <line num="146" type="stmt" count="2"/>
        <line num="147" type="stmt" count="2"/>
        <line num="150" type="method" name="getBirthDate" visibility="public" complexity="1" crap="1" count="1"/>
        <line num="152" type="stmt" count="1"/>
        <line num="155" type="method" name="setPhone" visibility="public" complexity="1" crap="1" count="4"/>
        <line num="157" type="stmt" count="4"/>
        <line num="158" type="stmt" count="4"/>
        <line num="161" type="method" name="getPhone" visibility="public" complexity="1" crap="1" count="2"/>
        <line num="163" type="stmt" count="2"/>
        <line num="166" type="method" name="setCallingCode" visibility="public" complexity="1" crap="1" count="2"/>
        <line num="168" type="stmt" count="2"/>
        <line num="169" type="stmt" count="2"/>
        <line num="172" type="method" name="getCallingCode" visibility="public" complexity="1" crap="1" count="1"/>
        <line num="174" type="stmt" count="1"/>
        <line num="177" type="method" name="setLastname" visibility="public" complexity="1" crap="1" count="7"/>
        <line num="179" type="stmt" count="7"/>
        <line num="180" type="stmt" count="7"/>
        <line num="183" type="method" name="setCountry" visibility="public" complexity="1" crap="1" count="2"/>
        <line num="185" type="stmt" count="2"/>
        <line num="186" type="stmt" count="2"/>
        <line num="189" type="method" name="getLastname" visibility="public" complexity="1" crap="1" count="2"/>
        <line num="191" type="stmt" count="2"/>
        <line num="194" type="method" name="setFirstname" visibility="public" complexity="1" crap="1" count="5"/>
        <line num="196" type="stmt" count="5"/>
        <line num="197" type="stmt" count="5"/>
        <line num="200" type="method" name="getFirstname" visibility="public" complexity="1" crap="1" count="2"/>
        <line num="202" type="stmt" count="2"/>
        <line num="205" type="method" name="setEmail" visibility="public" complexity="1" crap="1" count="5"/>
        <line num="207" type="stmt" count="5"/>
        <line num="208" type="stmt" count="5"/>
        <line num="211" type="method" name="getEmail" visibility="public" complexity="1" crap="1" count="2"/>
        <line num="213" type="stmt" count="2"/>
        <line num="216" type="method" name="getClientId" visibility="public" complexity="1" crap="1" count="1"/>
        <line num="218" type="stmt" count="1"/>
        <line num="221" type="method" name="setClientId" visibility="public" complexity="1" crap="1" count="4"/>
        <line num="223" type="stmt" count="4"/>
        <line num="224" type="stmt" count="4"/>
        <line num="227" type="method" name="getCompany" visibility="public" complexity="1" crap="1" count="1"/>
        <line num="229" type="stmt" count="1"/>
        <line num="232" type="method" name="getIban" visibility="public" complexity="1" crap="1" count="1"/>
        <line num="234" type="stmt" count="1"/>
        <line num="237" type="method" name="getBic" visibility="public" complexity="1" crap="1" count="1"/>
        <line num="239" type="stmt" count="1"/>
        <line num="242" type="method" name="getCommunication" visibility="public" complexity="1" crap="1" count="1"/>
        <line num="244" type="stmt" count="1"/>
        <line num="247" type="method" name="setCompany" visibility="public" complexity="1" crap="1" count="2"/>
        <line num="249" type="stmt" count="2"/>
        <line num="250" type="stmt" count="2"/>
        <line num="253" type="method" name="setIban" visibility="public" complexity="1" crap="1" count="2"/>
        <line num="255" type="stmt" count="2"/>
        <line num="256" type="stmt" count="2"/>
        <line num="259" type="method" name="setBic" visibility="public" complexity="1" crap="1" count="2"/>
        <line num="261" type="stmt" count="2"/>
        <line num="262" type="stmt" count="2"/>
        <line num="265" type="method" name="setCommunication" visibility="public" complexity="1" crap="1" count="2"/>
        <line num="267" type="stmt" count="2"/>
        <line num="268" type="stmt" count="2"/>
        <metrics loc="270" ncloc="247" classes="1" methods="37" coveredmethods="36" conditionals="0" coveredconditionals="0" statements="55" coveredstatements="54" elements="92" coveredelements="90"/>
      </file>
      <file name="/Users/damien/Documents/dev/php/easytransac-sdk-php/sdk/EasyTransac/Entities/DebitTransaction.php">
        <class name="DebitTransaction" namespace="EasyTransac\Entities">
          <metrics complexity="26" methods="22" coveredmethods="21" conditionals="0" coveredconditionals="0" statements="48" coveredstatements="46" elements="70" coveredelements="67"/>
        </class>
        <line num="74" type="method" name="__construct" visibility="public" complexity="5" crap="5.93" count="2"/>
        <line num="76" type="stmt" count="2"/>
        <line num="78" type="stmt" count="2"/>
        <line num="79" type="stmt" count="0"/>
        <line num="82" type="stmt" count="2"/>
        <line num="83" type="stmt" count="0"/>
        <line num="85" type="stmt" count="2"/>
        <line num="87" type="method" name="setReturnUrl" visibility="public" complexity="1" crap="1" count="1"/>
        <line num="89" type="stmt" count="1"/>
        <line num="90" type="stmt" count="1"/>
        <line num="93" type="method" name="setCustomer" visibility="public" complexity="1" crap="1" count="1"/>
        <line num="95" type="stmt" count="1"/>
        <line num="96" type="stmt" count="1"/>
        <line num="99" type="method" name="setAccountOwner" visibility="public" complexity="1" crap="1" count="1"/>
        <line num="101" type="stmt" count="1"/>
        <line num="102" type="stmt" count="1"/>
        <line num="105" type="method" name="setMultiplePayments" visibility="public" complexity="1" crap="1" count="1"/>
        <line num="107" type="stmt" count="1"/>
        <line num="108" type="stmt" count="1"/>
        <line num="111" type="method" name="setDownPayment" visibility="public" complexity="1" crap="1" count="1"/>
        <line num="113" type="stmt" count="1"/>
        <line num="114" type="stmt" count="1"/>
        <line num="117" type="method" name="setClientIp" visibility="public" complexity="1" crap="1" count="1"/>
        <line num="119" type="stmt" count="1"/>
        <line num="120" type="stmt" count="1"/>
        <line num="123" type="method" name="setDescription" visibility="public" complexity="1" crap="1" count="1"/>
        <line num="125" type="stmt" count="1"/>
        <line num="126" type="stmt" count="1"/>
        <line num="129" type="method" name="setOrderId" visibility="public" complexity="1" crap="1" count="1"/>
        <line num="131" type="stmt" count="1"/>
        <line num="132" type="stmt" count="1"/>
        <line num="135" type="method" name="setAmount" visibility="public" complexity="1" crap="1" count="1"/>
        <line num="137" type="stmt" count="1"/>
        <line num="138" type="stmt" count="1"/>
        <line num="141" type="method" name="setBic" visibility="public" complexity="1" crap="1" count="1"/>
        <line num="143" type="stmt" count="1"/>
        <line num="144" type="stmt" count="1"/>
        <line num="147" type="method" name="setIban" visibility="public" complexity="1" crap="1" count="1"/>
        <line num="149" type="stmt" count="1"/>
        <line num="150" type="stmt" count="1"/>
        <line num="153" type="method" name="setB2B" visibility="public" complexity="1" crap="1" count="1"/>
        <line num="155" type="stmt" count="1"/>
        <line num="156" type="stmt" count="1"/>
        <line num="159" type="method" name="setMultiplePaymentsRepeat" visibility="public" complexity="1" crap="1" count="1"/>
        <line num="161" type="stmt" count="1"/>
        <line num="162" type="stmt" count="1"/>
        <line num="165" type="method" name="setRebill" visibility="public" complexity="1" crap="1" count="1"/>
        <line num="167" type="stmt" count="1"/>
        <line num="168" type="stmt" count="1"/>
        <line num="171" type="method" name="setRecurrence" visibility="public" complexity="1" crap="1" count="1"/>
        <line num="173" type="stmt" count="1"/>
        <line num="174" type="stmt" count="1"/>
        <line num="177" type="method" name="setPayToEmail" visibility="public" complexity="1" crap="1" count="1"/>
        <line num="179" type="stmt" count="1"/>
        <line num="180" type="stmt" count="1"/>
        <line num="183" type="method" name="setPayToId" visibility="public" complexity="1" crap="1" count="1"/>
        <line num="185" type="stmt" count="1"/>
        <line num="186" type="stmt" count="1"/>
        <line num="189" type="method" name="setUserAgent" visibility="public" complexity="1" crap="1" count="1"/>
        <line num="191" type="stmt" count="1"/>
        <line num="192" type="stmt" count="1"/>
        <line num="195" type="method" name="setLanguage" visibility="public" complexity="1" crap="1" count="1"/>
        <line num="197" type="stmt" count="1"/>
        <line num="198" type="stmt" count="1"/>
        <line num="201" type="method" name="setSddCallingCode" visibility="public" complexity="1" crap="1" count="1"/>
        <line num="203" type="stmt" count="1"/>
        <line num="204" type="stmt" count="1"/>
        <line num="207" type="method" name="setSddPhone" visibility="public" complexity="1" crap="1" count="1"/>
        <line num="209" type="stmt" count="1"/>
        <line num="210" type="stmt" count="1"/>
        <metrics loc="212" ncloc="187" classes="1" methods="22" coveredmethods="21" conditionals="0" coveredconditionals="0" statements="48" coveredstatements="46" elements="70" coveredelements="67"/>
      </file>
      <file name="/Users/damien/Documents/dev/php/easytransac-sdk-php/sdk/EasyTransac/Entities/DirectTransaction.php">
        <class name="DirectTransaction" namespace="EasyTransac\Entities">
          <metrics complexity="24" methods="20" coveredmethods="19" conditionals="0" coveredconditionals="0" statements="44" coveredstatements="42" elements="64" coveredelements="61"/>
        </class>
        <line num="68" type="method" name="__construct" visibility="public" complexity="5" crap="5.93" count="2"/>
        <line num="70" type="stmt" count="2"/>
        <line num="72" type="stmt" count="2"/>
        <line num="73" type="stmt" count="0"/>
        <line num="76" type="stmt" count="2"/>
        <line num="77" type="stmt" count="0"/>
        <line num="79" type="stmt" count="2"/>
        <line num="81" type="method" name="setCreditCard" visibility="public" complexity="1" crap="1" count="1"/>
        <line num="83" type="stmt" count="1"/>
        <line num="84" type="stmt" count="1"/>
        <line num="87" type="method" name="setCustomer" visibility="public" complexity="1" crap="1" count="1"/>
        <line num="89" type="stmt" count="1"/>
        <line num="90" type="stmt" count="1"/>
        <line num="93" type="method" name="setDownPayment" visibility="public" complexity="1" crap="1" count="1"/>
        <line num="95" type="stmt" count="1"/>
        <line num="96" type="stmt" count="1"/>
        <line num="99" type="method" name="setSecure" visibility="public" complexity="1" crap="1" count="1"/>
        <line num="101" type="stmt" count="1"/>
        <line num="102" type="stmt" count="1"/>
        <line num="105" type="method" name="setClientIp" visibility="public" complexity="1" crap="1" count="1"/>
        <line num="107" type="stmt" count="1"/>
        <line num="108" type="stmt" count="1"/>
        <line num="111" type="method" name="setDescription" visibility="public" complexity="1" crap="1" count="1"/>
        <line num="113" type="stmt" count="1"/>
        <line num="114" type="stmt" count="1"/>
        <line num="117" type="method" name="setOrderId" visibility="public" complexity="1" crap="1" count="1"/>
        <line num="119" type="stmt" count="1"/>
        <line num="120" type="stmt" count="1"/>
        <line num="123" type="method" name="setAmount" visibility="public" complexity="1" crap="1" count="1"/>
        <line num="125" type="stmt" count="1"/>
        <line num="126" type="stmt" count="1"/>
        <line num="129" type="method" name="setMultiplePayments" visibility="public" complexity="1" crap="1" count="1"/>
        <line num="131" type="stmt" count="1"/>
        <line num="132" type="stmt" count="1"/>
        <line num="135" type="method" name="setMultiplePaymentsRepeat" visibility="public" complexity="1" crap="1" count="1"/>
        <line num="137" type="stmt" count="1"/>
        <line num="138" type="stmt" count="1"/>
        <line num="141" type="method" name="setRebill" visibility="public" complexity="1" crap="1" count="1"/>
        <line num="143" type="stmt" count="1"/>
        <line num="144" type="stmt" count="1"/>
        <line num="147" type="method" name="setRecurrence" visibility="public" complexity="1" crap="1" count="1"/>
        <line num="149" type="stmt" count="1"/>
        <line num="150" type="stmt" count="1"/>
        <line num="153" type="method" name="setPayToEmail" visibility="public" complexity="1" crap="1" count="1"/>
        <line num="155" type="stmt" count="1"/>
        <line num="156" type="stmt" count="1"/>
        <line num="159" type="method" name="setPayToId" visibility="public" complexity="1" crap="1" count="1"/>
        <line num="161" type="stmt" count="1"/>
        <line num="162" type="stmt" count="1"/>
        <line num="165" type="method" name="setUserAgent" visibility="public" complexity="1" crap="1" count="1"/>
        <line num="167" type="stmt" count="1"/>
        <line num="168" type="stmt" count="1"/>
        <line num="171" type="method" name="setLanguage" visibility="public" complexity="1" crap="1" count="1"/>
        <line num="173" type="stmt" count="1"/>
        <line num="174" type="stmt" count="1"/>
        <line num="177" type="method" name="setPreAuth" visibility="public" complexity="1" crap="1" count="1"/>
        <line num="179" type="stmt" count="1"/>
        <line num="180" type="stmt" count="1"/>
        <line num="183" type="method" name="setPreAuthDuration" visibility="public" complexity="1" crap="1" count="1"/>
        <line num="185" type="stmt" count="1"/>
        <line num="186" type="stmt" count="1"/>
        <line num="189" type="method" name="setReturnUrl" visibility="public" complexity="1" crap="1" count="1"/>
        <line num="191" type="stmt" count="1"/>
        <line num="192" type="stmt" count="1"/>
        <metrics loc="194" ncloc="171" classes="1" methods="20" coveredmethods="19" conditionals="0" coveredconditionals="0" statements="44" coveredstatements="42" elements="64" coveredelements="61"/>
      </file>
      <file name="/Users/damien/Documents/dev/php/easytransac-sdk-php/sdk/EasyTransac/Entities/Document.php">
        <class name="Document" namespace="EasyTransac\Entities">
          <metrics complexity="11" methods="11" coveredmethods="11" conditionals="0" coveredconditionals="0" statements="14" coveredstatements="14" elements="25" coveredelements="25"/>
        </class>
        <line num="35" type="method" name="getId" visibility="public" complexity="1" crap="1" count="1"/>
        <line num="37" type="stmt" count="1"/>
        <line num="40" type="method" name="getDocumentType" visibility="public" complexity="1" crap="1" count="1"/>
        <line num="42" type="stmt" count="1"/>
        <line num="45" type="method" name="getStatus" visibility="public" complexity="1" crap="1" count="1"/>
        <line num="47" type="stmt" count="1"/>
        <line num="50" type="method" name="getDate" visibility="public" complexity="1" crap="1" count="1"/>
        <line num="52" type="stmt" count="1"/>
        <line num="55" type="method" name="getDateUpdated" visibility="public" complexity="1" crap="1" count="1"/>
        <line num="57" type="stmt" count="1"/>
        <line num="60" type="method" name="getContent" visibility="public" complexity="1" crap="1" count="1"/>
        <line num="62" type="stmt" count="1"/>
        <line num="65" type="method" name="getComment" visibility="public" complexity="1" crap="1" count="1"/>
        <line num="67" type="stmt" count="1"/>
        <line num="70" type="method" name="getExtension" visibility="public" complexity="1" crap="1" count="1"/>
        <line num="72" type="stmt" count="1"/>
        <line num="75" type="method" name="setContent" visibility="public" complexity="1" crap="1" count="1"/>
        <line num="77" type="stmt" count="1"/>
        <line num="78" type="stmt" count="1"/>
        <line num="81" type="method" name="setDocumentType" visibility="public" complexity="1" crap="1" count="1"/>
        <line num="83" type="stmt" count="1"/>
        <line num="84" type="stmt" count="1"/>
        <line num="87" type="method" name="setExtension" visibility="public" complexity="1" crap="1" count="2"/>
        <line num="89" type="stmt" count="2"/>
        <line num="90" type="stmt" count="2"/>
        <metrics loc="92" ncloc="80" classes="1" methods="11" coveredmethods="11" conditionals="0" coveredconditionals="0" statements="14" coveredstatements="14" elements="25" coveredelements="25"/>
      </file>
      <file name="/Users/damien/Documents/dev/php/easytransac-sdk-php/sdk/EasyTransac/Entities/DocumentRequest.php">
        <class name="DocumentRequest" namespace="EasyTransac\Entities">
          <metrics complexity="5" methods="5" coveredmethods="5" conditionals="0" coveredconditionals="0" statements="10" coveredstatements="10" elements="15" coveredelements="15"/>
        </class>
        <line num="26" type="method" name="setCustomer" visibility="public" complexity="1" crap="1" count="1"/>
        <line num="28" type="stmt" count="1"/>
        <line num="29" type="stmt" count="1"/>
        <line num="32" type="method" name="setUser" visibility="public" complexity="1" crap="1" count="1"/>
        <line num="34" type="stmt" count="1"/>
        <line num="35" type="stmt" count="1"/>
        <line num="38" type="method" name="setDocument" visibility="public" complexity="1" crap="1" count="1"/>
        <line num="40" type="stmt" count="1"/>
        <line num="41" type="stmt" count="1"/>
        <line num="44" type="method" name="setDocumentId" visibility="public" complexity="1" crap="1" count="1"/>
        <line num="46" type="stmt" count="1"/>
        <line num="47" type="stmt" count="1"/>
        <line num="50" type="method" name="setShowContent" visibility="public" complexity="1" crap="1" count="1"/>
        <line num="52" type="stmt" count="1"/>
        <line num="53" type="stmt" count="1"/>
        <metrics loc="55" ncloc="46" classes="1" methods="5" coveredmethods="5" conditionals="0" coveredconditionals="0" statements="10" coveredstatements="10" elements="15" coveredelements="15"/>
      </file>
      <file name="/Users/damien/Documents/dev/php/easytransac-sdk-php/sdk/EasyTransac/Entities/DoneTransaction.php">
        <class name="DoneTransaction" namespace="EasyTransac\Entities">
          <metrics complexity="32" methods="32" coveredmethods="25" conditionals="0" coveredconditionals="0" statements="32" coveredstatements="25" elements="64" coveredelements="50"/>
        </class>
        <line num="101" type="method" name="getSecureUrl" visibility="public" complexity="1" crap="1" count="1"/>
        <line num="103" type="stmt" count="1"/>
        <line num="106" type="method" name="getRequestAttempt" visibility="public" complexity="1" crap="1" count="1"/>
        <line num="108" type="stmt" count="1"/>
        <line num="111" type="method" name="getOriginalRequestId" visibility="public" complexity="1" crap="1" count="1"/>
        <line num="113" type="stmt" count="1"/>
        <line num="116" type="method" name="getOperationType" visibility="public" complexity="1" crap="1" count="1"/>
        <line num="118" type="stmt" count="1"/>
        <line num="121" type="method" name="getAdditionalError" visibility="public" complexity="1" crap="2" count="0"/>
        <line num="123" type="stmt" count="0"/>
        <line num="126" type="method" name="getError" visibility="public" complexity="1" crap="2" count="0"/>
        <line num="128" type="stmt" count="0"/>
        <line num="131" type="method" name="getAlias" visibility="public" complexity="1" crap="1" count="1"/>
        <line num="133" type="stmt" count="1"/>
        <line num="136" type="method" name="getOriginalPaymentTid" visibility="public" complexity="1" crap="1" count="1"/>
        <line num="138" type="stmt" count="1"/>
        <line num="141" type="method" name="getRebill" visibility="public" complexity="1" crap="1" count="1"/>
        <line num="143" type="stmt" count="1"/>
        <line num="146" type="method" name="getMultiplePayments" visibility="public" complexity="1" crap="1" count="1"/>
        <line num="148" type="stmt" count="1"/>
        <line num="151" type="method" name="getOneClick" visibility="public" complexity="1" crap="1" count="1"/>
        <line num="153" type="stmt" count="1"/>
        <line num="156" type="method" name="getSecure" visibility="public" complexity="1" crap="1" count="1"/>
        <line num="158" type="stmt" count="1"/>
        <line num="161" type="method" name="getMessage" visibility="public" complexity="1" crap="1" count="1"/>
        <line num="163" type="stmt" count="1"/>
        <line num="166" type="method" name="getFixFees" visibility="public" complexity="1" crap="1" count="1"/>
        <line num="168" type="stmt" count="1"/>
        <line num="171" type="method" name="getAmount" visibility="public" complexity="1" crap="1" count="1"/>
        <line num="173" type="stmt" count="1"/>
        <line num="176" type="method" name="getDateRepresentment" visibility="public" complexity="1" crap="2" count="0"/>
        <line num="178" type="stmt" count="0"/>
        <line num="181" type="method" name="getDateChargeback" visibility="public" complexity="1" crap="2" count="0"/>
        <line num="183" type="stmt" count="0"/>
        <line num="186" type="method" name="getDateRefund" visibility="public" complexity="1" crap="2" count="0"/>
        <line num="188" type="stmt" count="0"/>
        <line num="191" type="method" name="getAMountRefund" visibility="public" complexity="1" crap="1" count="1"/>
        <line num="193" type="stmt" count="1"/>
        <line num="196" type="method" name="getDate" visibility="public" complexity="1" crap="1" count="1"/>
        <line num="198" type="stmt" count="1"/>
        <line num="201" type="method" name="getStatus" visibility="public" complexity="1" crap="1" count="1"/>
        <line num="203" type="stmt" count="1"/>
        <line num="206" type="method" name="getOrderId" visibility="public" complexity="1" crap="1" count="1"/>
        <line num="208" type="stmt" count="1"/>
        <line num="211" type="method" name="getUid" visibility="public" complexity="1" crap="1" count="1"/>
        <line num="213" type="stmt" count="1"/>
        <line num="216" type="method" name="getTid" visibility="public" complexity="1" crap="1" count="1"/>
        <line num="218" type="stmt" count="1"/>
        <line num="221" type="method" name="getRequestId" visibility="public" complexity="1" crap="1" count="1"/>
        <line num="223" type="stmt" count="1"/>
        <line num="226" type="method" name="getMandateUrl" visibility="public" complexity="1" crap="1" count="1"/>
        <line num="228" type="stmt" count="1"/>
        <line num="231" type="method" name="getRedirectUrl" visibility="public" complexity="1" crap="1" count="1"/>
        <line num="233" type="stmt" count="1"/>
        <line num="236" type="method" name="getTest" visibility="public" complexity="1" crap="1" count="1"/>
        <line num="238" type="stmt" count="1"/>
        <line num="241" type="method" name="getPaymentMethod" visibility="public" complexity="1" crap="2" count="0"/>
        <line num="243" type="stmt" count="0"/>
        <line num="250" type="method" name="getClient" visibility="public" complexity="1" crap="1" count="1"/>
        <line num="252" type="stmt" count="1"/>
        <line num="255" type="method" name="isCaptured" visibility="public" complexity="1" crap="1" count="1"/>
        <line num="257" type="stmt" count="1"/>
        <line num="260" type="method" name="isPending" visibility="public" complexity="1" crap="2" count="0"/>
        <line num="262" type="stmt" count="0"/>
        <metrics loc="264" ncloc="226" classes="1" methods="32" coveredmethods="25" conditionals="0" coveredconditionals="0" statements="32" coveredstatements="25" elements="64" coveredelements="50"/>
      </file>
      <file name="/Users/damien/Documents/dev/php/easytransac-sdk-php/sdk/EasyTransac/Entities/Entity.php">
        <class name="Entity" namespace="EasyTransac\Entities">
          <metrics complexity="38" methods="9" coveredmethods="6" conditionals="0" coveredconditionals="0" statements="75" coveredstatements="65" elements="84" coveredelements="71"/>
        </class>
        <line num="21" type="method" name="__construct" visibility="public" complexity="1" crap="1" count="53"/>
        <line num="23" type="stmt" count="53"/>
        <line num="24" type="stmt" count="53"/>
        <line num="25" type="stmt" count="53"/>
        <line num="26" type="stmt" count="53"/>
        <line num="33" type="method" name="addConverter" visibility="public" complexity="1" crap="1" count="53"/>
        <line num="35" type="stmt" count="53"/>
        <line num="37" type="stmt" count="53"/>
        <line num="45" type="method" name="callConverters" visibility="public" complexity="3" crap="3" count="48"/>
        <line num="47" type="stmt" count="48"/>
        <line num="48" type="stmt" count="48"/>
        <line num="49" type="stmt" count="48"/>
        <line num="53" type="stmt" count="48"/>
        <line num="62" type="method" name="__call" visibility="public" complexity="5" crap="8.12" count="1"/>
        <line num="64" type="stmt" count="1"/>
        <line num="65" type="stmt" count="0"/>
        <line num="66" type="stmt" count="0"/>
        <line num="68" type="stmt" count="0"/>
        <line num="70" type="stmt" count="1"/>
        <line num="71" type="stmt" count="1"/>
        <line num="72" type="stmt" count="1"/>
        <line num="74" type="stmt" count="0"/>
        <line num="82" type="method" name="hydrate" visibility="public" complexity="3" crap="3" count="27"/>
        <line num="84" type="stmt" count="27"/>
        <line num="85" type="stmt" count="1"/>
        <line num="86" type="stmt" count="27"/>
        <line num="87" type="stmt" count="27"/>
        <line num="90" type="stmt" count="27"/>
        <line num="92" type="stmt" count="27"/>
        <line num="99" type="method" name="toArray" visibility="public" complexity="12" crap="13.30" count="48"/>
        <line num="101" type="stmt" count="48"/>
        <line num="102" type="stmt" count="48"/>
        <line num="103" type="stmt" count="48"/>
        <line num="104" type="stmt" count="38"/>
        <line num="107" type="stmt" count="48"/>
        <line num="108" type="stmt" count="48"/>
        <line num="109" type="stmt" count="13"/>
        <line num="110" type="stmt" count="1"/>
        <line num="111" type="stmt" count="1"/>
        <line num="112" type="stmt" count="1"/>
        <line num="114" type="stmt" count="1"/>
        <line num="115" type="stmt" count="12"/>
        <line num="116" type="stmt" count="12"/>
        <line num="121" type="stmt" count="48"/>
        <line num="122" type="stmt" count="1"/>
        <line num="123" type="stmt" count="1"/>
        <line num="124" type="stmt" count="0"/>
        <line num="125" type="stmt" count="0"/>
        <line num="126" type="stmt" count="0"/>
        <line num="129" type="stmt" count="0"/>
        <line num="130" type="stmt" count="1"/>
        <line num="131" type="stmt" count="0"/>
        <line num="133" type="stmt" count="1"/>
        <line num="138" type="stmt" count="48"/>
        <line num="146" type="method" name="hydrateWithArray" visibility="protected" complexity="5" crap="5.01" count="1"/>
        <line num="148" type="stmt" count="1"/>
        <line num="149" type="stmt" count="1"/>
        <line num="150" type="stmt" count="1"/>
        <line num="151" type="stmt" count="1"/>
        <line num="155" type="stmt" count="1"/>
        <line num="156" type="stmt" count="0"/>
        <line num="159" type="stmt" count="1"/>
        <line num="160" type="stmt" count="1"/>
        <line num="161" type="stmt" count="1"/>
        <line num="162" type="stmt" count="1"/>
        <line num="163" type="stmt" count="1"/>
        <line num="164" type="stmt" count="1"/>
        <line num="166" type="stmt" count="1"/>
        <line num="167" type="stmt" count="1"/>
        <line num="174" type="method" name="hydrateWithObject" visibility="protected" complexity="6" crap="6" count="27"/>
        <line num="176" type="stmt" count="27"/>
        <line num="177" type="stmt" count="27"/>
        <line num="178" type="stmt" count="27"/>
        <line num="179" type="stmt" count="21"/>
        <line num="180" type="stmt" count="6"/>
        <line num="181" type="stmt" count="6"/>
        <line num="182" type="stmt" count="6"/>
        <line num="183" type="stmt" count="6"/>
        <line num="186" type="stmt" count="27"/>
        <line num="191" type="method" name="makeMapping" visibility="private" complexity="2" crap="2" count="53"/>
        <line num="193" type="stmt" count="53"/>
        <line num="195" type="stmt" count="53"/>
        <line num="196" type="stmt" count="53"/>
        <line num="198" type="stmt" count="53"/>
        <metrics loc="199" ncloc="154" classes="1" methods="9" coveredmethods="6" conditionals="0" coveredconditionals="0" statements="75" coveredstatements="65" elements="84" coveredelements="71"/>
      </file>
      <file name="/Users/damien/Documents/dev/php/easytransac-sdk-php/sdk/EasyTransac/Entities/FindUserBy.php">
        <class name="FindUserBy" namespace="EasyTransac\Entities">
          <metrics complexity="2" methods="2" coveredmethods="2" conditionals="0" coveredconditionals="0" statements="4" coveredstatements="4" elements="6" coveredelements="6"/>
        </class>
        <line num="17" type="method" name="setEmail" visibility="public" complexity="1" crap="1" count="1"/>
        <line num="19" type="stmt" count="1"/>
        <line num="20" type="stmt" count="1"/>
        <line num="23" type="method" name="setId" visibility="public" complexity="1" crap="1" count="1"/>
        <line num="25" type="stmt" count="1"/>
        <line num="26" type="stmt" count="1"/>
        <metrics loc="28" ncloc="22" classes="1" methods="2" coveredmethods="2" conditionals="0" coveredconditionals="0" statements="4" coveredstatements="4" elements="6" coveredelements="6"/>
      </file>
      <file name="/Users/damien/Documents/dev/php/easytransac-sdk-php/sdk/EasyTransac/Entities/InitBankTransfer.php">
        <class name="InitBankTransfer" namespace="EasyTransac\Entities">
          <metrics complexity="3" methods="3" coveredmethods="3" conditionals="0" coveredconditionals="0" statements="6" coveredstatements="6" elements="9" coveredelements="9"/>
        </class>
        <line num="20" type="method" name="setCustomer" visibility="public" complexity="1" crap="1" count="1"/>
        <line num="22" type="stmt" count="1"/>
        <line num="23" type="stmt" count="1"/>
        <line num="26" type="method" name="setAmount" visibility="public" complexity="1" crap="1" count="1"/>
        <line num="28" type="stmt" count="1"/>
        <line num="29" type="stmt" count="1"/>
        <line num="32" type="method" name="setReference" visibility="public" complexity="1" crap="1" count="1"/>
        <line num="34" type="stmt" count="1"/>
        <line num="35" type="stmt" count="1"/>
        <metrics loc="37" ncloc="30" classes="1" methods="3" coveredmethods="3" conditionals="0" coveredconditionals="0" statements="6" coveredstatements="6" elements="9" coveredelements="9"/>
      </file>
      <file name="/Users/damien/Documents/dev/php/easytransac-sdk-php/sdk/EasyTransac/Entities/Notification.php">
        <class name="Notification" namespace="EasyTransac\Entities">
          <metrics complexity="58" methods="58" coveredmethods="19" conditionals="0" coveredconditionals="0" statements="58" coveredstatements="19" elements="116" coveredelements="38"/>
        </class>
        <line num="185" type="method" name="getNotificationType" visibility="public" complexity="1" crap="2" count="0"/>
        <line num="187" type="stmt" count="0"/>
        <line num="190" type="method" name="getOperationType" visibility="public" complexity="1" crap="1" count="1"/>
        <line num="192" type="stmt" count="1"/>
        <line num="195" type="method" name="getRequestId" visibility="public" complexity="1" crap="1" count="1"/>
        <line num="197" type="stmt" count="1"/>
        <line num="200" type="method" name="getTid" visibility="public" complexity="1" crap="1" count="1"/>
        <line num="202" type="stmt" count="1"/>
        <line num="205" type="method" name="getUid" visibility="public" complexity="1" crap="1" count="1"/>
        <line num="207" type="stmt" count="1"/>
        <line num="210" type="method" name="getOrderId" visibility="public" complexity="1" crap="1" count="1"/>
        <line num="212" type="stmt" count="1"/>
        <line num="215" type="method" name="getStatus" visibility="public" complexity="1" crap="1" count="1"/>
        <line num="217" type="stmt" count="1"/>
        <line num="220" type="method" name="getDate" visibility="public" complexity="1" crap="1" count="1"/>
        <line num="222" type="stmt" count="1"/>
        <line num="225" type="method" name="getAmount" visibility="public" complexity="1" crap="1" count="1"/>
        <line num="227" type="stmt" count="1"/>
        <line num="230" type="method" name="getCurrency" visibility="public" complexity="1" crap="1" count="1"/>
        <line num="232" type="stmt" count="1"/>
        <line num="235" type="method" name="getFixFees" visibility="public" complexity="1" crap="1" count="1"/>
        <line num="237" type="stmt" count="1"/>
        <line num="240" type="method" name="getMessage" visibility="public" complexity="1" crap="1" count="1"/>
        <line num="242" type="stmt" count="1"/>
        <line num="245" type="method" name="getSecure" visibility="public" complexity="1" crap="1" count="1"/>
        <line num="247" type="stmt" count="1"/>
        <line num="250" type="method" name="getOneClick" visibility="public" complexity="1" crap="1" count="1"/>
        <line num="252" type="stmt" count="1"/>
        <line num="255" type="method" name="getAlias" visibility="public" complexity="1" crap="1" count="1"/>
        <line num="257" type="stmt" count="1"/>
        <line num="260" type="method" name="getCardNumber" visibility="public" complexity="1" crap="1" count="1"/>
        <line num="262" type="stmt" count="1"/>
        <line num="265" type="method" name="getTest" visibility="public" complexity="1" crap="1" count="1"/>
        <line num="267" type="stmt" count="1"/>
        <line num="270" type="method" name="getSignature" visibility="public" complexity="1" crap="1" count="1"/>
        <line num="272" type="stmt" count="1"/>
        <line num="275" type="method" name="getClient" visibility="public" complexity="1" crap="1" count="1"/>
        <line num="277" type="stmt" count="1"/>
        <line num="280" type="method" name="getError" visibility="public" complexity="1" crap="1" count="1"/>
        <line num="282" type="stmt" count="1"/>
        <line num="285" type="method" name="getAmountRefund" visibility="public" complexity="1" crap="2" count="0"/>
        <line num="287" type="stmt" count="0"/>
        <line num="290" type="method" name="getRequestAttempt" visibility="public" complexity="1" crap="2" count="0"/>
        <line num="292" type="stmt" count="0"/>
        <line num="295" type="method" name="getPaymentMethod" visibility="public" complexity="1" crap="2" count="0"/>
        <line num="297" type="stmt" count="0"/>
        <line num="300" type="method" name="getUserId" visibility="public" complexity="1" crap="2" count="0"/>
        <line num="302" type="stmt" count="0"/>
        <line num="305" type="method" name="getDescription" visibility="public" complexity="1" crap="2" count="0"/>
        <line num="307" type="stmt" count="0"/>
        <line num="310" type="method" name="getDateRefund" visibility="public" complexity="1" crap="2" count="0"/>
        <line num="312" type="stmt" count="0"/>
        <line num="315" type="method" name="getCurrencyText" visibility="public" complexity="1" crap="2" count="0"/>
        <line num="317" type="stmt" count="0"/>
        <line num="320" type="method" name="getCurrencySymbol" visibility="public" complexity="1" crap="2" count="0"/>
        <line num="322" type="stmt" count="0"/>
        <line num="325" type="method" name="getFeesPercent" visibility="public" complexity="1" crap="2" count="0"/>
        <line num="327" type="stmt" count="0"/>
        <line num="330" type="method" name="getFeesFixedPart" visibility="public" complexity="1" crap="2" count="0"/>
        <line num="332" type="stmt" count="0"/>
        <line num="335" type="method" name="getCardCountry" visibility="public" complexity="1" crap="2" count="0"/>
        <line num="337" type="stmt" count="0"/>
        <line num="340" type="method" name="getCardMonth" visibility="public" complexity="1" crap="2" count="0"/>
        <line num="342" type="stmt" count="0"/>
        <line num="345" type="method" name="getCardYear" visibility="public" complexity="1" crap="2" count="0"/>
        <line num="347" type="stmt" count="0"/>
        <line num="350" type="method" name="getApplicationType" visibility="public" complexity="1" crap="2" count="0"/>
        <line num="352" type="stmt" count="0"/>
        <line num="355" type="method" name="getOriginalRequestId" visibility="public" complexity="1" crap="2" count="0"/>
        <line num="357" type="stmt" count="0"/>
        <line num="360" type="method" name="getOriginalPaymentTid" visibility="public" complexity="1" crap="2" count="0"/>
        <line num="362" type="stmt" count="0"/>
        <line num="365" type="method" name="getDateChargeback" visibility="public" complexity="1" crap="2" count="0"/>
        <line num="367" type="stmt" count="0"/>
        <line num="370" type="method" name="getDateRepresentment" visibility="public" complexity="1" crap="2" count="0"/>
        <line num="372" type="stmt" count="0"/>
        <line num="375" type="method" name="getAmountPreAuth" visibility="public" complexity="1" crap="2" count="0"/>
        <line num="377" type="stmt" count="0"/>
        <line num="380" type="method" name="getClientIP" visibility="public" complexity="1" crap="2" count="0"/>
        <line num="382" type="stmt" count="0"/>
        <line num="385" type="method" name="getClientIPCountry" visibility="public" complexity="1" crap="2" count="0"/>
        <line num="387" type="stmt" count="0"/>
        <line num="390" type="method" name="getPreAuth" visibility="public" complexity="1" crap="2" count="0"/>
        <line num="392" type="stmt" count="0"/>
        <line num="395" type="method" name="getB2b" visibility="public" complexity="1" crap="2" count="0"/>
        <line num="397" type="stmt" count="0"/>
        <line num="400" type="method" name="getCardType" visibility="public" complexity="1" crap="2" count="0"/>
        <line num="402" type="stmt" count="0"/>
        <line num="405" type="method" name="getMultiplePayments" visibility="public" complexity="1" crap="2" count="0"/>
        <line num="407" type="stmt" count="0"/>
        <line num="410" type="method" name="getMultiplePaymentsStatus" visibility="public" complexity="1" crap="2" count="0"/>
        <line num="412" type="stmt" count="0"/>
        <line num="415" type="method" name="getMultiplePaymentsRecurrence" visibility="public" complexity="1" crap="2" count="0"/>
        <line num="417" type="stmt" count="0"/>
        <line num="420" type="method" name="getMultiplePaymentsRepeat" visibility="public" complexity="1" crap="2" count="0"/>
        <line num="422" type="stmt" count="0"/>
        <line num="425" type="method" name="getMultiplePaymentsCount" visibility="public" complexity="1" crap="2" count="0"/>
        <line num="427" type="stmt" count="0"/>
        <line num="430" type="method" name="getRebillStatus" visibility="public" complexity="1" crap="2" count="0"/>
        <line num="432" type="stmt" count="0"/>
        <line num="435" type="method" name="getRebillRecurrence" visibility="public" complexity="1" crap="2" count="0"/>
        <line num="437" type="stmt" count="0"/>
        <line num="440" type="method" name="getRebillCount" visibility="public" complexity="1" crap="2" count="0"/>
        <line num="442" type="stmt" count="0"/>
        <line num="445" type="method" name="getAdditionalError" visibility="public" complexity="1" crap="2" count="0"/>
        <line num="447" type="stmt" count="0"/>
        <line num="450" type="method" name="getSecureUrl" visibility="public" complexity="1" crap="2" count="0"/>
        <line num="452" type="stmt" count="0"/>
        <line num="455" type="method" name="getMandateUrl" visibility="public" complexity="1" crap="2" count="0"/>
        <line num="457" type="stmt" count="0"/>
        <line num="460" type="method" name="getRedirectUrl" visibility="public" complexity="1" crap="2" count="0"/>
        <line num="462" type="stmt" count="0"/>
        <line num="465" type="method" name="getQrCodeImage" visibility="public" complexity="1" crap="2" count="0"/>
        <line num="467" type="stmt" count="0"/>
        <line num="470" type="method" name="getQrCodeUrl" visibility="public" complexity="1" crap="2" count="0"/>
        <line num="472" type="stmt" count="0"/>
        <metrics loc="474" ncloc="412" classes="1" methods="58" coveredmethods="19" conditionals="0" coveredconditionals="0" statements="58" coveredstatements="19" elements="116" coveredelements="38"/>
      </file>
      <file name="/Users/damien/Documents/dev/php/easytransac-sdk-php/sdk/EasyTransac/Entities/OneClickTransaction.php">
        <class name="OneClickTransaction" namespace="EasyTransac\Entities">
          <metrics complexity="21" methods="17" coveredmethods="15" conditionals="0" coveredconditionals="0" statements="38" coveredstatements="34" elements="55" coveredelements="49"/>
        </class>
        <line num="59" type="method" name="__construct" visibility="public" complexity="5" crap="5.93" count="2"/>
        <line num="61" type="stmt" count="2"/>
        <line num="63" type="stmt" count="2"/>
        <line num="64" type="stmt" count="0"/>
        <line num="67" type="stmt" count="2"/>
        <line num="68" type="stmt" count="0"/>
        <line num="70" type="stmt" count="2"/>
        <line num="72" type="method" name="setAlias" visibility="public" complexity="1" crap="1" count="1"/>
        <line num="74" type="stmt" count="1"/>
        <line num="75" type="stmt" count="1"/>
        <line num="78" type="method" name="setClientIp" visibility="public" complexity="1" crap="1" count="1"/>
        <line num="80" type="stmt" count="1"/>
        <line num="81" type="stmt" count="1"/>
        <line num="84" type="method" name="setDescription" visibility="public" complexity="1" crap="1" count="1"/>
        <line num="86" type="stmt" count="1"/>
        <line num="87" type="stmt" count="1"/>
        <line num="90" type="method" name="setOrderId" visibility="public" complexity="1" crap="1" count="1"/>
        <line num="92" type="stmt" count="1"/>
        <line num="93" type="stmt" count="1"/>
        <line num="96" type="method" name="setUid" visibility="public" complexity="1" crap="1" count="1"/>
        <line num="98" type="stmt" count="1"/>
        <line num="99" type="stmt" count="1"/>
        <line num="102" type="method" name="setAmount" visibility="public" complexity="1" crap="1" count="1"/>
        <line num="104" type="stmt" count="1"/>
        <line num="105" type="stmt" count="1"/>
        <line num="108" type="method" name="setPayToEmail" visibility="public" complexity="1" crap="1" count="1"/>
        <line num="110" type="stmt" count="1"/>
        <line num="111" type="stmt" count="1"/>
        <line num="114" type="method" name="setPayToId" visibility="public" complexity="1" crap="2" count="0"/>
        <line num="116" type="stmt" count="0"/>
        <line num="117" type="stmt" count="0"/>
        <line num="120" type="method" name="setUserAgent" visibility="public" complexity="1" crap="1" count="1"/>
        <line num="122" type="stmt" count="1"/>
        <line num="123" type="stmt" count="1"/>
        <line num="126" type="method" name="setLanguage" visibility="public" complexity="1" crap="1" count="1"/>
        <line num="128" type="stmt" count="1"/>
        <line num="129" type="stmt" count="1"/>
        <line num="132" type="method" name="setClientId" visibility="public" complexity="1" crap="1" count="1"/>
        <line num="134" type="stmt" count="1"/>
        <line num="135" type="stmt" count="1"/>
        <line num="138" type="method" name="setSecure" visibility="public" complexity="1" crap="1" count="1"/>
        <line num="140" type="stmt" count="1"/>
        <line num="141" type="stmt" count="1"/>
        <line num="144" type="method" name="setReturnUrl" visibility="public" complexity="1" crap="1" count="1"/>
        <line num="146" type="stmt" count="1"/>
        <line num="147" type="stmt" count="1"/>
        <line num="150" type="method" name="setCVV" visibility="public" complexity="1" crap="1" count="1"/>
        <line num="152" type="stmt" count="1"/>
        <line num="153" type="stmt" count="1"/>
        <line num="156" type="method" name="setPreAuth" visibility="public" complexity="1" crap="1" count="1"/>
        <line num="158" type="stmt" count="1"/>
        <line num="159" type="stmt" count="1"/>
        <line num="162" type="method" name="setPreAuthDuration" visibility="public" complexity="1" crap="1" count="1"/>
        <line num="164" type="stmt" count="1"/>
        <line num="165" type="stmt" count="1"/>
        <metrics loc="167" ncloc="147" classes="1" methods="17" coveredmethods="15" conditionals="0" coveredconditionals="0" statements="38" coveredstatements="34" elements="55" coveredelements="49"/>
      </file>
[...]
        <line num="23" type="stmt" count="0"/>
        <metrics loc="25" ncloc="15" classes="1" methods="1" coveredmethods="0" conditionals="0" coveredconditionals="0" statements="1" coveredstatements="0" elements="2" coveredelements="0"/>
      </file>
      <file name="/Users/damien/Documents/dev/php/easytransac-sdk-php/sdk/EasyTransac/Requests/DirectPayment.php">
        <class name="DirectPayment" namespace="EasyTransac\Requests">
          <metrics complexity="1" methods="1" coveredmethods="0" conditionals="0" coveredconditionals="0" statements="1" coveredstatements="0" elements="2" coveredelements="0"/>
        </class>
        <line num="21" type="method" name="execute" visibility="public" complexity="1" crap="2" count="0"/>
        <line num="23" type="stmt" count="0"/>
        <metrics loc="25" ncloc="15" classes="1" methods="1" coveredmethods="0" conditionals="0" coveredconditionals="0" statements="1" coveredstatements="0" elements="2" coveredelements="0"/>
      </file>
      <file name="/Users/damien/Documents/dev/php/easytransac-sdk-php/sdk/EasyTransac/Requests/FindDocument.php">
        <class name="FindDocument" namespace="EasyTransac\Requests">
          <metrics complexity="1" methods="1" coveredmethods="0" conditionals="0" coveredconditionals="0" statements="1" coveredstatements="0" elements="2" coveredelements="0"/>
        </class>
        <line num="21" type="method" name="execute" visibility="public" complexity="1" crap="2" count="0"/>
        <line num="23" type="stmt" count="0"/>
        <metrics loc="25" ncloc="15" classes="1" methods="1" coveredmethods="0" conditionals="0" coveredconditionals="0" statements="1" coveredstatements="0" elements="2" coveredelements="0"/>
      </file>
      <file name="/Users/damien/Documents/dev/php/easytransac-sdk-php/sdk/EasyTransac/Requests/FindUser.php">
        <class name="FindUser" namespace="EasyTransac\Requests">
          <metrics complexity="1" methods="1" coveredmethods="0" conditionals="0" coveredconditionals="0" statements="1" coveredstatements="0" elements="2" coveredelements="0"/>
        </class>
        <line num="21" type="method" name="execute" visibility="public" complexity="1" crap="2" count="0"/>
        <line num="23" type="stmt" count="0"/>
        <metrics loc="25" ncloc="15" classes="1" methods="1" coveredmethods="0" conditionals="0" coveredconditionals="0" statements="1" coveredstatements="0" elements="2" coveredelements="0"/>
      </file>
      <file name="/Users/damien/Documents/dev/php/easytransac-sdk-php/sdk/EasyTransac/Requests/GetDocument.php">
        <class name="GetDocument" namespace="EasyTransac\Requests">
          <metrics complexity="1" methods="1" coveredmethods="0" conditionals="0" coveredconditionals="0" statements="1" coveredstatements="0" elements="2" coveredelements="0"/>
        </class>
        <line num="21" type="method" name="execute" visibility="public" complexity="1" crap="2" count="0"/>
        <line num="23" type="stmt" count="0"/>
        <metrics loc="25" ncloc="15" classes="1" methods="1" coveredmethods="0" conditionals="0" coveredconditionals="0" statements="1" coveredstatements="0" elements="2" coveredelements="0"/>
      </file>
      <file name="/Users/damien/Documents/dev/php/easytransac-sdk-php/sdk/EasyTransac/Requests/MakeP2PTransfer.php">
        <class name="MakeP2PTransfer" namespace="EasyTransac\Requests">
          <metrics complexity="1" methods="1" coveredmethods="0" conditionals="0" coveredconditionals="0" statements="1" coveredstatements="0" elements="2" coveredelements="0"/>
        </class>
        <line num="22" type="method" name="execute" visibility="public" complexity="1" crap="2" count="0"/>
        <line num="24" type="stmt" count="0"/>
        <metrics loc="26" ncloc="15" classes="1" methods="1" coveredmethods="0" conditionals="0" coveredconditionals="0" statements="1" coveredstatements="0" elements="2" coveredelements="0"/>
      </file>
      <file name="/Users/damien/Documents/dev/php/easytransac-sdk-php/sdk/EasyTransac/Requests/OneClickPayment.php">
        <class name="OneClickPayment" namespace="EasyTransac\Requests">
          <metrics complexity="1" methods="1" coveredmethods="0" conditionals="0" coveredconditionals="0" statements="1" coveredstatements="0" elements="2" coveredelements="0"/>
        </class>
        <line num="21" type="method" name="execute" visibility="public" complexity="1" crap="2" count="0"/>
        <line num="23" type="stmt" count="0"/>
        <metrics loc="25" ncloc="15" classes="1" methods="1" coveredmethods="0" conditionals="0" coveredconditionals="0" statements="1" coveredstatements="0" elements="2" coveredelements="0"/>
      </file>
      <file name="/Users/damien/Documents/dev/php/easytransac-sdk-php/sdk/EasyTransac/Requests/OperationsList.php">
        <class name="OperationsList" namespace="EasyTransac\Requests">
          <metrics complexity="1" methods="1" coveredmethods="0" conditionals="0" coveredconditionals="0" statements="1" coveredstatements="0" elements="2" coveredelements="0"/>
        </class>
        <line num="21" type="method" name="execute" visibility="public" complexity="1" crap="2" count="0"/>
        <line num="23" type="stmt" count="0"/>
        <metrics loc="25" ncloc="15" classes="1" methods="1" coveredmethods="0" conditionals="0" coveredconditionals="0" statements="1" coveredstatements="0" elements="2" coveredelements="0"/>
      </file>
      <file name="/Users/damien/Documents/dev/php/easytransac-sdk-php/sdk/EasyTransac/Requests/PayByBank.php">
        <class name="PayByBank" namespace="EasyTransac\Requests">
          <metrics complexity="1" methods="1" coveredmethods="0" conditionals="0" coveredconditionals="0" statements="1" coveredstatements="0" elements="2" coveredelements="0"/>
        </class>
        <line num="22" type="method" name="execute" visibility="public" complexity="1" crap="2" count="0"/>
        <line num="24" type="stmt" count="0"/>
        <metrics loc="26" ncloc="15" classes="1" methods="1" coveredmethods="0" conditionals="0" coveredconditionals="0" statements="1" coveredstatements="0" elements="2" coveredelements="0"/>
      </file>
      <file name="/Users/damien/Documents/dev/php/easytransac-sdk-php/sdk/EasyTransac/Requests/PaymentHistory.php">
        <class name="PaymentHistory" namespace="EasyTransac\Requests">
          <metrics complexity="1" methods="1" coveredmethods="0" conditionals="0" coveredconditionals="0" statements="1" coveredstatements="0" elements="2" coveredelements="0"/>
        </class>
        <line num="22" type="method" name="execute" visibility="public" complexity="1" crap="2" count="0"/>
        <line num="24" type="stmt" count="0"/>
        <metrics loc="26" ncloc="15" classes="1" methods="1" coveredmethods="0" conditionals="0" coveredconditionals="0" statements="1" coveredstatements="0" elements="2" coveredelements="0"/>
      </file>
      <file name="/Users/damien/Documents/dev/php/easytransac-sdk-php/sdk/EasyTransac/Requests/PaymentPage.php">
        <class name="PaymentPage" namespace="EasyTransac\Requests">
          <metrics complexity="1" methods="1" coveredmethods="0" conditionals="0" coveredconditionals="0" statements="1" coveredstatements="0" elements="2" coveredelements="0"/>
        </class>
        <line num="21" type="method" name="execute" visibility="public" complexity="1" crap="2" count="0"/>
        <line num="23" type="stmt" count="0"/>
        <metrics loc="25" ncloc="15" classes="1" methods="1" coveredmethods="0" conditionals="0" coveredconditionals="0" statements="1" coveredstatements="0" elements="2" coveredelements="0"/>
      </file>
      <file name="/Users/damien/Documents/dev/php/easytransac-sdk-php/sdk/EasyTransac/Requests/PaymentPageCancellation.php">
        <class name="PaymentPageCancellation" namespace="EasyTransac\Requests">
          <metrics complexity="1" methods="1" coveredmethods="0" conditionals="0" coveredconditionals="0" statements="1" coveredstatements="0" elements="2" coveredelements="0"/>
        </class>
        <line num="21" type="method" name="execute" visibility="public" complexity="1" crap="2" count="0"/>
        <line num="23" type="stmt" count="0"/>
        <metrics loc="25" ncloc="15" classes="1" methods="1" coveredmethods="0" conditionals="0" coveredconditionals="0" statements="1" coveredstatements="0" elements="2" coveredelements="0"/>
      </file>
      <file name="/Users/damien/Documents/dev/php/easytransac-sdk-php/sdk/EasyTransac/Requests/PaymentPageResend.php">
        <class name="PaymentPageResend" namespace="EasyTransac\Requests">
          <metrics complexity="1" methods="1" coveredmethods="0" conditionals="0" coveredconditionals="0" statements="1" coveredstatements="0" elements="2" coveredelements="0"/>
        </class>
        <line num="22" type="method" name="execute" visibility="public" complexity="1" crap="2" count="0"/>
        <line num="24" type="stmt" count="0"/>
        <metrics loc="26" ncloc="15" classes="1" methods="1" coveredmethods="0" conditionals="0" coveredconditionals="0" statements="1" coveredstatements="0" elements="2" coveredelements="0"/>
      </file>
      <file name="/Users/damien/Documents/dev/php/easytransac-sdk-php/sdk/EasyTransac/Requests/PaymentRefund.php">
        <class name="PaymentRefund" namespace="EasyTransac\Requests">
          <metrics complexity="1" methods="1" coveredmethods="0" conditionals="0" coveredconditionals="0" statements="1" coveredstatements="0" elements="2" coveredelements="0"/>
        </class>
        <line num="21" type="method" name="execute" visibility="public" complexity="1" crap="2" count="0"/>
        <line num="23" type="stmt" count="0"/>
        <metrics loc="25" ncloc="15" classes="1" methods="1" coveredmethods="0" conditionals="0" coveredconditionals="0" statements="1" coveredstatements="0" elements="2" coveredelements="0"/>
      </file>
      <file name="/Users/damien/Documents/dev/php/easytransac-sdk-php/sdk/EasyTransac/Requests/PaymentRequestsHistory.php">
        <class name="PaymentRequestsHistory" namespace="EasyTransac\Requests">
          <metrics complexity="1" methods="1" coveredmethods="0" conditionals="0" coveredconditionals="0" statements="1" coveredstatements="0" elements="2" coveredelements="0"/>
        </class>
        <line num="22" type="method" name="execute" visibility="public" complexity="1" crap="2" count="0"/>
        <line num="24" type="stmt" count="0"/>
        <metrics loc="26" ncloc="15" classes="1" methods="1" coveredmethods="0" conditionals="0" coveredconditionals="0" statements="1" coveredstatements="0" elements="2" coveredelements="0"/>
      </file>
      <file name="/Users/damien/Documents/dev/php/easytransac-sdk-php/sdk/EasyTransac/Requests/PaymentStatus.php">
        <class name="PaymentStatus" namespace="EasyTransac\Requests">
          <metrics complexity="1" methods="1" coveredmethods="0" conditionals="0" coveredconditionals="0" statements="1" coveredstatements="0" elements="2" coveredelements="0"/>
        </class>
        <line num="21" type="method" name="execute" visibility="public" complexity="1" crap="2" count="0"/>
        <line num="23" type="stmt" count="0"/>
        <metrics loc="25" ncloc="15" classes="1" methods="1" coveredmethods="0" conditionals="0" coveredconditionals="0" statements="1" coveredstatements="0" elements="2" coveredelements="0"/>
      </file>
      <file name="/Users/damien/Documents/dev/php/easytransac-sdk-php/sdk/EasyTransac/Requests/PayoutsList.php">
        <class name="PayoutsList" namespace="EasyTransac\Requests">
          <metrics complexity="1" methods="1" coveredmethods="0" conditionals="0" coveredconditionals="0" statements="1" coveredstatements="0" elements="2" coveredelements="0"/>
        </class>
        <line num="22" type="method" name="execute" visibility="public" complexity="1" crap="2" count="0"/>
        <line num="24" type="stmt" count="0"/>
        <metrics loc="26" ncloc="15" classes="1" methods="1" coveredmethods="0" conditionals="0" coveredconditionals="0" statements="1" coveredstatements="0" elements="2" coveredelements="0"/>
      </file>
      <file name="/Users/damien/Documents/dev/php/easytransac-sdk-php/sdk/EasyTransac/Requests/Request.php">
        <class name="Request" namespace="EasyTransac\Requests">
          <metrics complexity="18" methods="3" coveredmethods="0" conditionals="0" coveredconditionals="0" statements="43" coveredstatements="0" elements="46" coveredelements="0"/>
        </class>
        <line num="31" type="method" name="call" visibility="protected" complexity="7" crap="56" count="0"/>
        <line num="34" type="stmt" count="0"/>
        <line num="35" type="stmt" count="0"/>
        <line num="36" type="stmt" count="0"/>
        <line num="38" type="stmt" count="0"/>
        <line num="39" type="stmt" count="0"/>
        <line num="40" type="stmt" count="0"/>
        <line num="43" type="stmt" count="0"/>
        <line num="44" type="stmt" count="0"/>
        <line num="45" type="stmt" count="0"/>
        <line num="46" type="stmt" count="0"/>
        <line num="48" type="stmt" count="0"/>
        <line num="49" type="stmt" count="0"/>
        <line num="50" type="stmt" count="0"/>
        <line num="52" type="stmt" count="0"/>
        <line num="53" type="stmt" count="0"/>
        <line num="54" type="stmt" count="0"/>
        <line num="55" type="stmt" count="0"/>
        <line num="56" type="stmt" count="0"/>
        <line num="58" type="stmt" count="0"/>
        <line num="59" type="stmt" count="0"/>
        <line num="62" type="stmt" count="0"/>
        <line num="63" type="stmt" count="0"/>
        <line num="64" type="stmt" count="0"/>
        <line num="67" type="stmt" count="0"/>
        <line num="69" type="stmt" count="0"/>
        <line num="70" type="stmt" count="0"/>
        <line num="80" type="method" name="mapResponse" visibility="protected" complexity="3" crap="12" count="0"/>
        <line num="82" type="stmt" count="0"/>
        <line num="83" type="stmt" count="0"/>
        <line num="85" type="stmt" count="0"/>
        <line num="87" type="stmt" count="0"/>
        <line num="88" type="stmt" count="0"/>
        <line num="89" type="stmt" count="0"/>
        <line num="90" type="stmt" count="0"/>
        <line num="91" type="stmt" count="0"/>
        <line num="92" type="stmt" count="0"/>
        <line num="93" type="stmt" count="0"/>
        <line num="97" type="stmt" count="0"/>
        <line num="99" type="stmt" count="0"/>
        <line num="107" type="method" name="checkRequiredFields" visibility="private" complexity="7" crap="56" count="0"/>
        <line num="109" type="stmt" count="0"/>
        <line num="111" type="stmt" count="0"/>
        <line num="112" type="stmt" count="0"/>
        <line num="114" type="stmt" count="0"/>
        <line num="118" type="stmt" count="0"/>
        <metrics loc="120" ncloc="95" classes="1" methods="3" coveredmethods="0" conditionals="0" coveredconditionals="0" statements="43" coveredstatements="0" elements="46" coveredelements="0"/>
      </file>
      <file name="/Users/damien/Documents/dev/php/easytransac-sdk-php/sdk/EasyTransac/Requests/UpdateUser.php">
        <class name="UpdateUser" namespace="EasyTransac\Requests">
          <metrics complexity="1" methods="1" coveredmethods="0" conditionals="0" coveredconditionals="0" statements="1" coveredstatements="0" elements="2" coveredelements="0"/>
        </class>
        <line num="21" type="method" name="execute" visibility="public" complexity="1" crap="2" count="0"/>
        <line num="23" type="stmt" count="0"/>
        <metrics loc="25" ncloc="15" classes="1" methods="1" coveredmethods="0" conditionals="0" coveredconditionals="0" statements="1" coveredstatements="0" elements="2" coveredelements="0"/>
      </file>
    </package>
    <package name="EasyTransac\Responses">
      <file name="/Users/damien/Documents/dev/php/easytransac-sdk-php/sdk/EasyTransac/Responses/StandardResponse.php">
        <class name="StandardResponse" namespace="EasyTransac\Responses">
          <metrics complexity="14" methods="13" coveredmethods="0" conditionals="0" coveredconditionals="0" statements="21" coveredstatements="0" elements="34" coveredelements="0"/>
        </class>
        <line num="24" type="method" name="__construct" visibility="public" complexity="1" crap="2" count="0"/>
        <line num="26" type="stmt" count="0"/>
        <line num="27" type="stmt" count="0"/>
        <line num="34" type="method" name="setSameSignature" visibility="public" complexity="1" crap="2" count="0"/>
        <line num="36" type="stmt" count="0"/>
        <line num="37" type="stmt" count="0"/>
        <line num="44" type="method" name="isSameSignature" visibility="public" complexity="1" crap="2" count="0"/>
        <line num="46" type="stmt" count="0"/>
        <line num="53" type="method" name="isSuccess" visibility="public" complexity="1" crap="2" count="0"/>
        <line num="55" type="stmt" count="0"/>
        <line num="63" type="method" name="setSuccess" visibility="public" complexity="1" crap="2" count="0"/>
        <line num="65" type="stmt" count="0"/>
        <line num="66" type="stmt" count="0"/>
        <line num="73" type="method" name="getErrorCode" visibility="public" complexity="1" crap="2" count="0"/>
        <line num="75" type="stmt" count="0"/>
        <line num="83" type="method" name="setErrorCode" visibility="public" complexity="1" crap="2" count="0"/>
        <line num="85" type="stmt" count="0"/>
        <line num="86" type="stmt" count="0"/>
        <line num="93" type="method" name="getContent" visibility="public" complexity="1" crap="2" count="0"/>
        <line num="95" type="stmt" count="0"/>
        <line num="103" type="method" name="setContent" visibility="public" complexity="1" crap="2" count="0"/>
        <line num="105" type="stmt" count="0"/>
        <line num="106" type="stmt" count="0"/>
        <line num="113" type="method" name="getErrorMessage" visibility="public" complexity="1" crap="2" count="0"/>
        <line num="115" type="stmt" count="0"/>
        <line num="123" type="method" name="setErrorMessage" visibility="public" complexity="1" crap="2" count="0"/>
        <line num="125" type="stmt" count="0"/>
        <line num="126" type="stmt" count="0"/>
        <line num="133" type="method" name="getRealJsonResponse" visibility="public" complexity="1" crap="2" count="0"/>
        <line num="135" type="stmt" count="0"/>
        <line num="142" type="method" name="getRealArrayResponse" visibility="public" complexity="2" crap="6" count="0"/>
        <line num="144" type="stmt" count="0"/>
        <line num="145" type="stmt" count="0"/>
        <line num="147" type="stmt" count="0"/>
        <metrics loc="150" ncloc="89" classes="1" methods="13" coveredmethods="0" conditionals="0" coveredconditionals="0" statements="21" coveredstatements="0" elements="34" coveredelements="0"/>
      </file>
    </package>
    <file name="/Users/damien/Documents/dev/php/easytransac-sdk-php/sdk/EasyTransac/autoload.php">
      <line num="5" type="stmt" count="0"/>
      <line num="7" type="stmt" count="0"/>
      <line num="8" type="stmt" count="0"/>
      <line num="11" type="stmt" count="0"/>
      <line num="12" type="stmt" count="0"/>
      <line num="14" type="stmt" count="0"/>
      <line num="15" type="stmt" count="0"/>
      <line num="17" type="stmt" count="0"/>
      <metrics loc="17" ncloc="17" classes="0" methods="0" coveredmethods="0" conditionals="0" coveredconditionals="0" statements="8" coveredstatements="0" elements="8" coveredelements="0"/>
    </file>
    <metrics files="73" loc="6180" ncloc="4968" classes="68" methods="583" coveredmethods="343" conditionals="0" coveredconditionals="0" statements="1077" coveredstatements="621" elements="1660" coveredelements="964"/>
  </project>
</coverage>
